<?xml version="1.0" encoding="UTF-8"?>
<testsuite xmlns:xsi="http://www.w3.org/2001/XMLSchema-instance" xsi:noNamespaceSchemaLocation="https://maven.apache.org/surefire/maven-surefire-plugin/xsd/surefire-test-report-3.0.xsd" version="3.0" name="org.enterpris2.cardgame.scores.RestApiTest" time="0.069" tests="2" errors="0" skipped="0" failures="2">
  <properties>
[...]
</properties>
  <testcase name="testAllPages" classname="org.enterpris2.cardgame.scores.RestApiTest" time="0.912">
    <failure type="java.lang.AssertionError"><![CDATA[java.lang.AssertionError: 
1 expectation failed.
Expected status code <200> but was <404>.

	at org.enterpris2.cardgame.scores.RestApiTest.testAllPages(RestApiTest.kt:60)
]]></failure>
    <system-out><![CDATA[2020-09-17 10:19:56.137  INFO 10736 --- [           main] .b.t.c.SpringBootTestContextBootstrapper : Neither @ContextConfiguration nor @ContextHierarchy found for test class [org.enterpris2.cardgame.scores.RestApiTest], using SpringBootContextLoader
2020-09-17 10:19:56.137  INFO 10736 --- [           main] o.s.t.c.support.AbstractContextLoader    : Could not detect default resource locations for test class [org.enterpris2.cardgame.scores.RestApiTest]: no resource found for suffixes {-context.xml, Context.groovy}.
2020-09-17 10:19:56.137  INFO 10736 --- [           main] .b.t.c.SpringBootTestContextBootstrapper : Loaded default TestExecutionListener class names from location [META-INF/spring.factories]: [org.springframework.boot.test.mock.mockito.MockitoTestExecutionListener, org.springframework.boot.test.mock.mockito.ResetMocksTestExecutionListener, org.springframework.boot.test.autoconfigure.restdocs.RestDocsTestExecutionListener, org.springframework.boot.test.autoconfigure.web.client.MockRestServiceServerResetTestExecutionListener, org.springframework.boot.test.autoconfigure.web.servlet.MockMvcPrintOnlyOnFailureTestExecutionListener, org.springframework.boot.test.autoconfigure.web.servlet.WebDriverTestExecutionListener, org.springframework.test.context.web.ServletTestExecutionListener, org.springframework.test.context.support.DirtiesContextBeforeModesTestExecutionListener, org.springframework.test.context.support.DependencyInjectionTestExecutionListener, org.springframework.test.context.support.DirtiesContextTestExecutionListener, org.springframework.test.context.transaction.TransactionalTestExecutionListener, org.springframework.test.context.jdbc.SqlScriptsTestExecutionListener, org.springframework.test.context.event.EventPublishingTestExecutionListener]
2020-09-17 10:19:56.137  INFO 10736 --- [           main] .b.t.c.SpringBootTestContextBootstrapper : Using TestExecutionListeners: [org.springframework.test.context.web.ServletTestExecutionListener@77648321, org.springframework.test.context.support.DirtiesContextBeforeModesTestExecutionListener@43201f84, org.springframework.boot.test.mock.mockito.MockitoTestExecutionListener@2c51c756, org.springframework.boot.test.autoconfigure.SpringBootDependencyInjectionTestExecutionListener@4ef277ef, org.springframework.test.context.support.DirtiesContextTestExecutionListener@1ddc889b, org.springframework.test.context.transaction.TransactionalTestExecutionListener@5ec3689b, org.springframework.test.context.jdbc.SqlScriptsTestExecutionListener@7c0a6f62, org.springframework.test.context.event.EventPublishingTestExecutionListener@219a2203, org.springframework.boot.test.mock.mockito.ResetMocksTestExecutionListener@58fbfefb, org.springframework.boot.test.autoconfigure.restdocs.RestDocsTestExecutionListener@1db9c2cf, org.springframework.boot.test.autoconfigure.web.client.MockRestServiceServerResetTestExecutionListener@32e7df65, org.springframework.boot.test.autoconfigure.web.servlet.MockMvcPrintOnlyOnFailureTestExecutionListener@421d7900, org.springframework.boot.test.autoconfigure.web.servlet.WebDriverTestExecutionListener@45964b9e]

  .   ____          _            __ _ _
 /\\ / ___'_ __ _ _(_)_ __  __ _ \ \ \ \
( ( )\___ | '_ | '_| | '_ \/ _` | \ \ \ \
 \\/  ___)| |_)| | | | | || (_| |  ) ) ) )
  '  |____| .__|_| |_|_| |_\__, | / / / /
 =========|_|==============|___/=/_/_/_/
 :: Spring Boot ::        (v2.3.3.RELEASE)

2020-09-17 10:19:56.184  INFO 10736 --- [           main] o.e.cardgame.scores.RestApiTest          : Starting RestApiTest on DESKTOP-77QGOLO with PID 10736 (started by bragg in C:\Users\bragg\OneDrive\Documents\Skole\5.semester\Enterpriceprogrammering 2\CardGame-Enterprice2\scores)
2020-09-17 10:19:56.184  INFO 10736 --- [           main] o.e.cardgame.scores.RestApiTest          : The following profiles are active: FakeData,test
2020-09-17 10:19:56.743  INFO 10736 --- [           main] .s.d.r.c.RepositoryConfigurationDelegate : Bootstrapping Spring Data JPA repositories in DEFERRED mode.
2020-09-17 10:19:56.759  INFO 10736 --- [           main] .s.d.r.c.RepositoryConfigurationDelegate : Finished Spring Data repository scanning in 18ms. Found 1 JPA repository interfaces.
2020-09-17 10:19:56.903  INFO 10736 --- [           main] trationDelegate$BeanPostProcessorChecker : Bean 'org.springframework.transaction.annotation.ProxyTransactionManagementConfiguration' of type [org.springframework.transaction.annotation.ProxyTransactionManagementConfiguration] is not eligible for getting processed by all BeanPostProcessors (for example: not eligible for auto-proxying)
2020-09-17 10:19:57.209  INFO 10736 --- [           main] o.s.b.w.embedded.tomcat.TomcatWebServer  : Tomcat initialized with port(s): 0 (http)
2020-09-17 10:19:57.225  INFO 10736 --- [           main] o.apache.catalina.core.StandardService   : Starting service [Tomcat]
2020-09-17 10:19:57.225  INFO 10736 --- [           main] org.apache.catalina.core.StandardEngine  : Starting Servlet engine: [Apache Tomcat/9.0.37]
2020-09-17 10:19:57.371  INFO 10736 --- [           main] o.a.c.c.C.[Tomcat].[localhost].[/]       : Initializing Spring embedded WebApplicationContext
2020-09-17 10:19:57.371  INFO 10736 --- [           main] w.s.c.ServletWebServerApplicationContext : Root WebApplicationContext: initialization completed in 1171 ms
2020-09-17 10:19:57.626  INFO 10736 --- [           main] com.zaxxer.hikari.HikariDataSource       : HikariPool-2 - Starting...
2020-09-17 10:19:57.626  INFO 10736 --- [           main] com.zaxxer.hikari.HikariDataSource       : HikariPool-2 - Start completed.
2020-09-17 10:19:57.626  INFO 10736 --- [           main] o.f.c.internal.database.DatabaseFactory  : Database: jdbc:h2:mem:db (H2 1.4)
2020-09-17 10:19:57.642  INFO 10736 --- [           main] o.f.core.internal.command.DbValidate     : Successfully validated 1 migration (execution time 00:00.004s)
2020-09-17 10:19:57.642  INFO 10736 --- [           main] o.f.core.internal.command.DbMigrate      : Current version of schema "PUBLIC": 1.0
2020-09-17 10:19:57.642  INFO 10736 --- [           main] o.f.core.internal.command.DbMigrate      : Schema "PUBLIC" is up to date. No migration necessary.
2020-09-17 10:19:57.673  INFO 10736 --- [           main] o.s.s.concurrent.ThreadPoolTaskExecutor  : Initializing ExecutorService 'applicationTaskExecutor'
2020-09-17 10:19:57.689  INFO 10736 --- [         task-1] o.hibernate.jpa.internal.util.LogHelper  : HHH000204: Processing PersistenceUnitInfo [name: default]
2020-09-17 10:19:57.705  INFO 10736 --- [         task-1] org.hibernate.dialect.Dialect            : HHH000400: Using dialect: org.hibernate.dialect.H2Dialect
2020-09-17 10:19:57.737  INFO 10736 --- [         task-1] o.h.e.t.j.p.i.JtaPlatformInitiator       : HHH000490: Using JtaPlatform implementation: [org.hibernate.engine.transaction.jta.platform.internal.NoJtaPlatform]
2020-09-17 10:19:57.737  INFO 10736 --- [         task-1] j.LocalContainerEntityManagerFactoryBean : Initialized JPA EntityManagerFactory for persistence unit 'default'
2020-09-17 10:19:57.889  WARN 10736 --- [           main] JpaBaseConfiguration$JpaWebConfiguration : spring.jpa.open-in-view is enabled by default. Therefore, database queries may be performed during view rendering. Explicitly configure spring.jpa.open-in-view to disable this warning
2020-09-17 10:19:58.135  INFO 10736 --- [           main] o.s.b.a.e.web.EndpointLinksResolver      : Exposing 2 endpoint(s) beneath base path '/actuator'
2020-09-17 10:19:58.961  INFO 10736 --- [           main] o.s.b.w.embedded.tomcat.TomcatWebServer  : Tomcat started on port(s): 50861 (http) with context path ''
2020-09-17 10:19:59.149  INFO 10736 --- [           main] DeferredRepositoryInitializationListener : Triggering deferred initialization of Spring Data repositories…
2020-09-17 10:19:59.149  INFO 10736 --- [           main] DeferredRepositoryInitializationListener : Spring Data repositories initialized!
2020-09-17 10:19:59.165  INFO 10736 --- [           main] o.e.cardgame.scores.RestApiTest          : Started RestApiTest in 3.024 seconds (JVM running for 8.443)
2020-09-17 10:20:00.073  INFO 10736 --- [o-auto-1-exec-1] o.a.c.c.C.[Tomcat].[localhost].[/]       : Initializing Spring DispatcherServlet 'dispatcherServlet'
2020-09-17 10:20:00.073  INFO 10736 --- [o-auto-1-exec-1] o.s.web.servlet.DispatcherServlet        : Initializing Servlet 'dispatcherServlet'
2020-09-17 10:20:00.093  INFO 10736 --- [o-auto-1-exec-1] o.s.web.servlet.DispatcherServlet        : Completed initialization in 20 ms
2020-09-17 10:20:00.107  WARN 10736 --- [o-auto-1-exec-1] o.s.web.servlet.PageNotFound             : No mapping for GET /api/scores
2020-09-17 10:20:00.111  WARN 10736 --- [o-auto-1-exec-1] o.s.web.servlet.PageNotFound             : No handler found for GET /api/scores
2020-09-17 10:20:00.111  WARN 10736 --- [o-auto-1-exec-1] .w.s.m.s.DefaultHandlerExceptionResolver : Resolved [org.springframework.web.servlet.NoHandlerFoundException: No handler found for GET /api/scores]
Request method:	GET
Request URI:	http://localhost:50861/api/scores
Proxy:			<none>
Request params:	<none>
Query params:	<none>
Form params:	<none>
Path params:	<none>
Headers:		Accept=application/json, application/javascript, text/javascript, text/json
Cookies:		<none>
Multiparts:		<none>
Body:			<none>

HTTP/1.1 404 
Content-Type: application/json
Transfer-Encoding: chunked
Date: Thu, 17 Sep 2020 08:20:00 GMT
Keep-Alive: timeout=60
Connection: keep-alive

{
    "timestamp": "2020-09-17T08:20:00.134+00:00",
    "status": 404,
    "error": "Not Found",
    "message": "",
    "path": "/api/scores"
}
]]></system-out>
    <rerunFailure type="java.lang.AssertionError">
      <stackTrace><![CDATA[java.lang.AssertionError: 
1 expectation failed.
Expected status code <200> but was <404>.

	at org.enterpris2.cardgame.scores.RestApiTest.testAllPages(RestApiTest.kt:60)
]]></stackTrace>
      <system-out><![CDATA[2020-09-17 10:20:00.372  WARN 10736 --- [o-auto-1-exec-4] o.s.web.servlet.PageNotFound             : No mapping for GET /api/scores
2020-09-17 10:20:00.373  WARN 10736 --- [o-auto-1-exec-4] o.s.web.servlet.PageNotFound             : No handler found for GET /api/scores
2020-09-17 10:20:00.373  WARN 10736 --- [o-auto-1-exec-4] .w.s.m.s.DefaultHandlerExceptionResolver : Resolved [org.springframework.web.servlet.NoHandlerFoundException: No handler found for GET /api/scores]
Request method:	GET
Request URI:	http://localhost:50861/api/scores
Proxy:			<none>
Request params:	<none>
Query params:	<none>
Form params:	<none>
Path params:	<none>
Headers:		Accept=application/json, application/javascript, text/javascript, text/json
Cookies:		<none>
Multiparts:		<none>
Body:			<none>

HTTP/1.1 404 
Content-Type: application/json
Transfer-Encoding: chunked
Date: Thu, 17 Sep 2020 08:20:00 GMT
Keep-Alive: timeout=60
Connection: keep-alive

{
    "timestamp": "2020-09-17T08:20:00.374+00:00",
    "status": 404,
    "error": "Not Found",
    "message": "",
    "path": "/api/scores"
}
]]></system-out>
    </rerunFailure>
    <rerunFailure type="java.lang.AssertionError">
      <stackTrace><![CDATA[java.lang.AssertionError: 
1 expectation failed.
Expected status code <200> but was <404>.

	at org.enterpris2.cardgame.scores.RestApiTest.testAllPages(RestApiTest.kt:60)
]]></stackTrace>
      <system-out><![CDATA[2020-09-17 10:20:00.467  WARN 10736 --- [o-auto-1-exec-6] o.s.web.servlet.PageNotFound             : No mapping for GET /api/scores
2020-09-17 10:20:00.467  WARN 10736 --- [o-auto-1-exec-6] o.s.web.servlet.PageNotFound             : No handler found for GET /api/scores
2020-09-17 10:20:00.467  WARN 10736 --- [o-auto-1-exec-6] .w.s.m.s.DefaultHandlerExceptionResolver : Resolved [org.springframework.web.servlet.NoHandlerFoundException: No handler found for GET /api/scores]
Request method:	GET
Request URI:	http://localhost:50861/api/scores
Proxy:			<none>
Request params:	<none>
Query params:	<none>
Form params:	<none>
Path params:	<none>
Headers:		Accept=application/json, application/javascript, text/javascript, text/json
Cookies:		<none>
Multiparts:		<none>
Body:			<none>

HTTP/1.1 404 
Content-Type: application/json
Transfer-Encoding: chunked
Date: Thu, 17 Sep 2020 08:20:00 GMT
Keep-Alive: timeout=60
Connection: keep-alive

{
    "timestamp": "2020-09-17T08:20:00.468+00:00",
    "status": 404,
    "error": "Not Found",
    "message": "",
    "path": "/api/scores"
}
]]></system-out>
    </rerunFailure>
    <rerunFailure type="java.lang.AssertionError">
      <stackTrace><![CDATA[java.lang.AssertionError: 
1 expectation failed.
Expected status code <200> but was <404>.

	at org.enterpris2.cardgame.scores.RestApiTest.testAllPages(RestApiTest.kt:60)
]]></stackTrace>
      <system-out><![CDATA[2020-09-17 10:20:00.539  WARN 10736 --- [o-auto-1-exec-8] o.s.web.servlet.PageNotFound             : No mapping for GET /api/scores
2020-09-17 10:20:00.540  WARN 10736 --- [o-auto-1-exec-8] o.s.web.servlet.PageNotFound             : No handler found for GET /api/scores
2020-09-17 10:20:00.540  WARN 10736 --- [o-auto-1-exec-8] .w.s.m.s.DefaultHandlerExceptionResolver : Resolved [org.springframework.web.servlet.NoHandlerFoundException: No handler found for GET /api/scores]
Request method:	GET
Request URI:	http://localhost:50861/api/scores
Proxy:			<none>
Request params:	<none>
Query params:	<none>
Form params:	<none>
Path params:	<none>
Headers:		Accept=application/json, application/javascript, text/javascript, text/json
Cookies:		<none>
Multiparts:		<none>
Body:			<none>

HTTP/1.1 404 
Content-Type: application/json
Transfer-Encoding: chunked
Date: Thu, 17 Sep 2020 08:20:00 GMT
Keep-Alive: timeout=60
Connection: keep-alive

{
    "timestamp": "2020-09-17T08:20:00.541+00:00",
    "status": 404,
    "error": "Not Found",
    "message": "",
    "path": "/api/scores"
}
]]></system-out>
    </rerunFailure>
  </testcase>
  <testcase name="testGetPage" classname="org.enterpris2.cardgame.scores.RestApiTest" time="0.019">
    <failure type="java.lang.AssertionError"><![CDATA[java.lang.AssertionError: 
1 expectation failed.
Expected status code <200> but was <404>.

	at org.enterpris2.cardgame.scores.RestApiTest.testGetPage(RestApiTest.kt:47)
]]></failure>
    <system-out><![CDATA[2020-09-17 10:20:00.308  WARN 10736 --- [o-auto-1-exec-2] o.s.web.servlet.PageNotFound             : No mapping for GET /api/scores
2020-09-17 10:20:00.308  WARN 10736 --- [o-auto-1-exec-2] o.s.web.servlet.PageNotFound             : No handler found for GET /api/scores
2020-09-17 10:20:00.308  WARN 10736 --- [o-auto-1-exec-2] .w.s.m.s.DefaultHandlerExceptionResolver : Resolved [org.springframework.web.servlet.NoHandlerFoundException: No handler found for GET /api/scores]
Request method:	GET
Request URI:	http://localhost:50861/api/scores
Proxy:			<none>
Request params:	<none>
Query params:	<none>
Form params:	<none>
Path params:	<none>
Headers:		Accept=application/json, application/javascript, text/javascript, text/json
Cookies:		<none>
Multiparts:		<none>
Body:			<none>

HTTP/1.1 404 
Content-Type: application/json
Transfer-Encoding: chunked
Date: Thu, 17 Sep 2020 08:20:00 GMT
Keep-Alive: timeout=60
Connection: keep-alive

{
    "timestamp": "2020-09-17T08:20:00.309+00:00",
    "status": 404,
    "error": "Not Found",
    "message": "",
    "path": "/api/scores"
}
]]></system-out>
    <rerunFailure type="java.lang.AssertionError">
      <stackTrace><![CDATA[java.lang.AssertionError: 
1 expectation failed.
Expected status code <200> but was <404>.

	at org.enterpris2.cardgame.scores.RestApiTest.testGetPage(RestApiTest.kt:47)
]]></stackTrace>
      <system-out><![CDATA[2020-09-17 10:20:00.331  INFO 10736 --- [           main] .b.t.c.SpringBootTestContextBootstrapper : Neither @ContextConfiguration nor @ContextHierarchy found for test class [org.enterpris2.cardgame.scores.RestApiTest], using SpringBootContextLoader
2020-09-17 10:20:00.332  INFO 10736 --- [           main] o.s.t.c.support.AbstractContextLoader    : Could not detect default resource locations for test class [org.enterpris2.cardgame.scores.RestApiTest]: no resource found for suffixes {-context.xml, Context.groovy}.
2020-09-17 10:20:00.335  INFO 10736 --- [           main] .b.t.c.SpringBootTestContextBootstrapper : Loaded default TestExecutionListener class names from location [META-INF/spring.factories]: [org.springframework.boot.test.mock.mockito.MockitoTestExecutionListener, org.springframework.boot.test.mock.mockito.ResetMocksTestExecutionListener, org.springframework.boot.test.autoconfigure.restdocs.RestDocsTestExecutionListener, org.springframework.boot.test.autoconfigure.web.client.MockRestServiceServerResetTestExecutionListener, org.springframework.boot.test.autoconfigure.web.servlet.MockMvcPrintOnlyOnFailureTestExecutionListener, org.springframework.boot.test.autoconfigure.web.servlet.WebDriverTestExecutionListener, org.springframework.test.context.web.ServletTestExecutionListener, org.springframework.test.context.support.DirtiesContextBeforeModesTestExecutionListener, org.springframework.test.context.support.DependencyInjectionTestExecutionListener, org.springframework.test.context.support.DirtiesContextTestExecutionListener, org.springframework.test.context.transaction.TransactionalTestExecutionListener, org.springframework.test.context.jdbc.SqlScriptsTestExecutionListener, org.springframework.test.context.event.EventPublishingTestExecutionListener]
2020-09-17 10:20:00.335  INFO 10736 --- [           main] .b.t.c.SpringBootTestContextBootstrapper : Using TestExecutionListeners: [org.springframework.test.context.web.ServletTestExecutionListener@10d1f6da, org.springframework.test.context.support.DirtiesContextBeforeModesTestExecutionListener@6ced9545, org.springframework.boot.test.mock.mockito.MockitoTestExecutionListener@3adb46b5, org.springframework.boot.test.autoconfigure.SpringBootDependencyInjectionTestExecutionListener@1923a29a, org.springframework.test.context.support.DirtiesContextTestExecutionListener@6dbf042, org.springframework.test.context.transaction.TransactionalTestExecutionListener@61c0a61, org.springframework.test.context.jdbc.SqlScriptsTestExecutionListener@66121af9, org.springframework.test.context.event.EventPublishingTestExecutionListener@62a153d3, org.springframework.boot.test.mock.mockito.ResetMocksTestExecutionListener@3b21f625, org.springframework.boot.test.autoconfigure.restdocs.RestDocsTestExecutionListener@5d08bc22, org.springframework.boot.test.autoconfigure.web.client.MockRestServiceServerResetTestExecutionListener@2b3ba0a8, org.springframework.boot.test.autoconfigure.web.servlet.MockMvcPrintOnlyOnFailureTestExecutionListener@43ec41d7, org.springframework.boot.test.autoconfigure.web.servlet.WebDriverTestExecutionListener@77480751]
2020-09-17 10:20:00.354  WARN 10736 --- [o-auto-1-exec-3] o.s.web.servlet.PageNotFound             : No mapping for GET /api/scores
2020-09-17 10:20:00.354  WARN 10736 --- [o-auto-1-exec-3] o.s.web.servlet.PageNotFound             : No handler found for GET /api/scores
2020-09-17 10:20:00.354  WARN 10736 --- [o-auto-1-exec-3] .w.s.m.s.DefaultHandlerExceptionResolver : Resolved [org.springframework.web.servlet.NoHandlerFoundException: No handler found for GET /api/scores]
Request method:	GET
Request URI:	http://localhost:50861/api/scores
Proxy:			<none>
Request params:	<none>
Query params:	<none>
Form params:	<none>
Path params:	<none>
Headers:		Accept=application/json, application/javascript, text/javascript, text/json
Cookies:		<none>
Multiparts:		<none>
Body:			<none>

HTTP/1.1 404 
Content-Type: application/json
Transfer-Encoding: chunked
Date: Thu, 17 Sep 2020 08:20:00 GMT
Keep-Alive: timeout=60
Connection: keep-alive

{
    "timestamp": "2020-09-17T08:20:00.355+00:00",
    "status": 404,
    "error": "Not Found",
    "message": "",
    "path": "/api/scores"
}
]]></system-out>
    </rerunFailure>
    <rerunFailure type="java.lang.AssertionError">
      <stackTrace><![CDATA[java.lang.AssertionError: 
1 expectation failed.
Expected status code <200> but was <404>.

	at org.enterpris2.cardgame.scores.RestApiTest.testGetPage(RestApiTest.kt:47)
]]></stackTrace>
      <system-out><![CDATA[2020-09-17 10:20:00.432  INFO 10736 --- [           main] .b.t.c.SpringBootTestContextBootstrapper : Neither @ContextConfiguration nor @ContextHierarchy found for test class [org.enterpris2.cardgame.scores.RestApiTest], using SpringBootContextLoader
2020-09-17 10:20:00.432  INFO 10736 --- [           main] o.s.t.c.support.AbstractContextLoader    : Could not detect default resource locations for test class [org.enterpris2.cardgame.scores.RestApiTest]: no resource found for suffixes {-context.xml, Context.groovy}.
2020-09-17 10:20:00.435  INFO 10736 --- [           main] .b.t.c.SpringBootTestContextBootstrapper : Loaded default TestExecutionListener class names from location [META-INF/spring.factories]: [org.springframework.boot.test.mock.mockito.MockitoTestExecutionListener, org.springframework.boot.test.mock.mockito.ResetMocksTestExecutionListener, org.springframework.boot.test.autoconfigure.restdocs.RestDocsTestExecutionListener, org.springframework.boot.test.autoconfigure.web.client.MockRestServiceServerResetTestExecutionListener, org.springframework.boot.test.autoconfigure.web.servlet.MockMvcPrintOnlyOnFailureTestExecutionListener, org.springframework.boot.test.autoconfigure.web.servlet.WebDriverTestExecutionListener, org.springframework.test.context.web.ServletTestExecutionListener, org.springframework.test.context.support.DirtiesContextBeforeModesTestExecutionListener, org.springframework.test.context.support.DependencyInjectionTestExecutionListener, org.springframework.test.context.support.DirtiesContextTestExecutionListener, org.springframework.test.context.transaction.TransactionalTestExecutionListener, org.springframework.test.context.jdbc.SqlScriptsTestExecutionListener, org.springframework.test.context.event.EventPublishingTestExecutionListener]
2020-09-17 10:20:00.435  INFO 10736 --- [           main] .b.t.c.SpringBootTestContextBootstrapper : Using TestExecutionListeners: [org.springframework.test.context.web.ServletTestExecutionListener@6f215ff3, org.springframework.test.context.support.DirtiesContextBeforeModesTestExecutionListener@6066cf5, org.springframework.boot.test.mock.mockito.MockitoTestExecutionListener@3d63becf, org.springframework.boot.test.autoconfigure.SpringBootDependencyInjectionTestExecutionListener@5248688c, org.springframework.test.context.support.DirtiesContextTestExecutionListener@37736bf1, org.springframework.test.context.transaction.TransactionalTestExecutionListener@2a7c82e, org.springframework.test.context.jdbc.SqlScriptsTestExecutionListener@22128b73, org.springframework.test.context.event.EventPublishingTestExecutionListener@338f9bb5, org.springframework.boot.test.mock.mockito.ResetMocksTestExecutionListener@1f0f52d6, org.springframework.boot.test.autoconfigure.restdocs.RestDocsTestExecutionListener@23551fa1, org.springframework.boot.test.autoconfigure.web.client.MockRestServiceServerResetTestExecutionListener@152a41ab, org.springframework.boot.test.autoconfigure.web.servlet.MockMvcPrintOnlyOnFailureTestExecutionListener@5a372288, org.springframework.boot.test.autoconfigure.web.servlet.WebDriverTestExecutionListener@3f4b52fa]
2020-09-17 10:20:00.449  WARN 10736 --- [o-auto-1-exec-5] o.s.web.servlet.PageNotFound             : No mapping for GET /api/scores
2020-09-17 10:20:00.449  WARN 10736 --- [o-auto-1-exec-5] o.s.web.servlet.PageNotFound             : No handler found for GET /api/scores
2020-09-17 10:20:00.449  WARN 10736 --- [o-auto-1-exec-5] .w.s.m.s.DefaultHandlerExceptionResolver : Resolved [org.springframework.web.servlet.NoHandlerFoundException: No handler found for GET /api/scores]
Request method:	GET
Request URI:	http://localhost:50861/api/scores
Proxy:			<none>
Request params:	<none>
Query params:	<none>
Form params:	<none>
Path params:	<none>
Headers:		Accept=application/json, application/javascript, text/javascript, text/json
Cookies:		<none>
Multiparts:		<none>
Body:			<none>

HTTP/1.1 404 
Content-Type: application/json
Transfer-Encoding: chunked
Date: Thu, 17 Sep 2020 08:20:00 GMT
Keep-Alive: timeout=60
Connection: keep-alive

{
    "timestamp": "2020-09-17T08:20:00.450+00:00",
    "status": 404,
    "error": "Not Found",
    "message": "",
    "path": "/api/scores"
}
]]></system-out>
    </rerunFailure>
    <rerunFailure type="java.lang.AssertionError">
      <stackTrace><![CDATA[java.lang.AssertionError: 
1 expectation failed.
Expected status code <200> but was <404>.

	at org.enterpris2.cardgame.scores.RestApiTest.testGetPage(RestApiTest.kt:47)
]]></stackTrace>
      <system-out><![CDATA[2020-09-17 10:20:00.511  INFO 10736 --- [           main] .b.t.c.SpringBootTestContextBootstrapper : Neither @ContextConfiguration nor @ContextHierarchy found for test class [org.enterpris2.cardgame.scores.RestApiTest], using SpringBootContextLoader
2020-09-17 10:20:00.512  INFO 10736 --- [           main] o.s.t.c.support.AbstractContextLoader    : Could not detect default resource locations for test class [org.enterpris2.cardgame.scores.RestApiTest]: no resource found for suffixes {-context.xml, Context.groovy}.
2020-09-17 10:20:00.514  INFO 10736 --- [           main] .b.t.c.SpringBootTestContextBootstrapper : Loaded default TestExecutionListener class names from location [META-INF/spring.factories]: [org.springframework.boot.test.mock.mockito.MockitoTestExecutionListener, org.springframework.boot.test.mock.mockito.ResetMocksTestExecutionListener, org.springframework.boot.test.autoconfigure.restdocs.RestDocsTestExecutionListener, org.springframework.boot.test.autoconfigure.web.client.MockRestServiceServerResetTestExecutionListener, org.springframework.boot.test.autoconfigure.web.servlet.MockMvcPrintOnlyOnFailureTestExecutionListener, org.springframework.boot.test.autoconfigure.web.servlet.WebDriverTestExecutionListener, org.springframework.test.context.web.ServletTestExecutionListener, org.springframework.test.context.support.DirtiesContextBeforeModesTestExecutionListener, org.springframework.test.context.support.DependencyInjectionTestExecutionListener, org.springframework.test.context.support.DirtiesContextTestExecutionListener, org.springframework.test.context.transaction.TransactionalTestExecutionListener, org.springframework.test.context.jdbc.SqlScriptsTestExecutionListener, org.springframework.test.context.event.EventPublishingTestExecutionListener]
2020-09-17 10:20:00.514  INFO 10736 --- [           main] .b.t.c.SpringBootTestContextBootstrapper : Using TestExecutionListeners: [org.springframework.test.context.web.ServletTestExecutionListener@4cc40892, org.springframework.test.context.support.DirtiesContextBeforeModesTestExecutionListener@330888a, org.springframework.boot.test.mock.mockito.MockitoTestExecutionListener@62edf11e, org.springframework.boot.test.autoconfigure.SpringBootDependencyInjectionTestExecutionListener@79205848, org.springframework.test.context.support.DirtiesContextTestExecutionListener@154c4f66, org.springframework.test.context.transaction.TransactionalTestExecutionListener@12bff19d, org.springframework.test.context.jdbc.SqlScriptsTestExecutionListener@1f5797d5, org.springframework.test.context.event.EventPublishingTestExecutionListener@64ce7e6f, org.springframework.boot.test.mock.mockito.ResetMocksTestExecutionListener@130e2aef, org.springframework.boot.test.autoconfigure.restdocs.RestDocsTestExecutionListener@7ed0020a, org.springframework.boot.test.autoconfigure.web.client.MockRestServiceServerResetTestExecutionListener@5d1acb3a, org.springframework.boot.test.autoconfigure.web.servlet.MockMvcPrintOnlyOnFailureTestExecutionListener@4ab0ebf0, org.springframework.boot.test.autoconfigure.web.servlet.WebDriverTestExecutionListener@288be91b]
2020-09-17 10:20:00.524  WARN 10736 --- [o-auto-1-exec-7] o.s.web.servlet.PageNotFound             : No mapping for GET /api/scores
2020-09-17 10:20:00.525  WARN 10736 --- [o-auto-1-exec-7] o.s.web.servlet.PageNotFound             : No handler found for GET /api/scores
2020-09-17 10:20:00.525  WARN 10736 --- [o-auto-1-exec-7] .w.s.m.s.DefaultHandlerExceptionResolver : Resolved [org.springframework.web.servlet.NoHandlerFoundException: No handler found for GET /api/scores]
Request method:	GET
Request URI:	http://localhost:50861/api/scores
Proxy:			<none>
Request params:	<none>
Query params:	<none>
Form params:	<none>
Path params:	<none>
Headers:		Accept=application/json, application/javascript, text/javascript, text/json
Cookies:		<none>
Multiparts:		<none>
Body:			<none>

HTTP/1.1 404 
Content-Type: application/json
Transfer-Encoding: chunked
Date: Thu, 17 Sep 2020 08:20:00 GMT
Keep-Alive: timeout=60
Connection: keep-alive

{
    "timestamp": "2020-09-17T08:20:00.525+00:00",
    "status": 404,
    "error": "Not Found",
    "message": "",
    "path": "/api/scores"
}
]]></system-out>
    </rerunFailure>
  </testcase>
</testsuite>