<?xml version="1.0" encoding="UTF-8"?>
<testsuite xmlns:xsi="http://www.w3.org/2001/XMLSchema-instance" xsi:noNamespaceSchemaLocation="https://maven.apache.org/surefire/maven-surefire-plugin/xsd/surefire-test-report-3.0.xsd" version="3.0" name="org.enterpris2.cardgame.scores.RestApiTest" time="5.961" tests="2" errors="0" skipped="0" failures="0">
  <properties>
[...]
</properties>
  <testcase name="testAllPages" classname="org.enterpris2.cardgame.scores.RestApiTest" time="1.541"/>
  <testcase name="testGetPage" classname="org.enterpris2.cardgame.scores.RestApiTest" time="0.025"/>
</testsuite>